<?xml version="1.0" encoding="UTF-8"?>
<testsuite xmlns:xsi="http://www.w3.org/2001/XMLSchema-instance" xsi:noNamespaceSchemaLocation="https://maven.apache.org/surefire/maven-surefire-plugin/xsd/surefire-test-report-3.0.xsd" version="3.0" name="runners.TestRunner" time="11.486" tests="19" errors="0" skipped="0" failures="0">
  <properties>
[...]
</properties>
  <testcase name="[1:6] Get comments for a post" classname="features/comments" time="2.199">
    <system-out><![CDATA[---------------------------------------------------------
feature: classpath:features/comments.feature
scenarios:  1 | passed:  1 | failed:  0 | time: 0.9567
---------------------------------------------------------

]]></system-out>
  </testcase>
  <testcase name="[1:3] Create a new user" classname="features/createUser" time="0.774">
    <system-err><![CDATA[[main] INFO com.intuit.karate - [print] {
  "title": "Karate demo",
  "body": "Created via Karate",
  "userId": 1,
  "id": 101
}
 
]]></system-err>
  </testcase>
  <testcase name="[2.1:24] Get user data" classname="features/createUser" time="0.401"/>
  <testcase name="[2.2:24] Get user data" classname="features/createUser" time="0.389"/>
  <testcase name="[2.3:24] Get user data" classname="features/createUser" time="0.495">
    <system-out><![CDATA[---------------------------------------------------------
feature: classpath:features/createUser.feature
scenarios:  4 | passed:  4 | failed:  0 | time: 1.9337
---------------------------------------------------------

]]></system-out>
  </testcase>
  <testcase name="[1:3] Verify user details" classname="features/getUser" time="0.429">
    <system-out><![CDATA[---------------------------------------------------------
feature: classpath:features/getUser.feature
scenarios:  1 | passed:  1 | failed:  0 | time: 0.3821
---------------------------------------------------------

]]></system-out>
    <system-err><![CDATA[[main] INFO com.intuit.karate - [print] {
  "id": 2,
  "name": "Ervin Howell",
  "username": "Antonette",
  "email": "Shanna@melissa.tv",
  "address": {
    "street": "Victor Plains",
    "suite": "Suite 879",
    "city": "Wisokyburgh",
    "zipcode": "90566-7771",
    "geo": {
      "lat": "-43.9509",
      "lng": "-34.4618"
    }
  },
  "phone": "010-692-6593 x09125",
  "website": "anastasia.net",
  "company": {
    "name": "Deckow-Crist",
    "catchPhrase": "Proactive didactic contingency",
    "bs": "synergize scalable supply-chains"
  }
}
 
]]></system-err>
  </testcase>
  <testcase name="[1:6] List posts" classname="features/posts" time="0.4"/>
  <testcase name="[2:13] Get a single post" classname="features/posts" time="0.383"/>
  <testcase name="[3:22] Create a post" classname="features/posts" time="0.49"/>
  <testcase name="[4:30] Update a post (PUT)" classname="features/posts" time="0.69"/>
  <testcase name="[5:38] Delete a post" classname="features/posts" time="0.582">
    <system-out><![CDATA[---------------------------------------------------------
feature: classpath:features/posts.feature
scenarios:  5 | passed:  5 | failed:  0 | time: 2.4332
---------------------------------------------------------

]]></system-out>
  </testcase>
  <testcase name="[1:25] List users (positive)" classname="features/users" time="0.514"/>
  <testcase name="[2.1:41] Get user by id (positive, data-driven)" classname="features/users" time="0.412"/>
  <testcase name="[2.2:41] Get user by id (positive, data-driven)" classname="features/users" time="0.402"/>
  <testcase name="[2.3:41] Get user by id (positive, data-driven)" classname="features/users" time="0.401"/>
  <testcase name="[3.1:50] Get user by id (negative - not found)" classname="features/users" time="0.392"/>
  <testcase name="[3.2:51] Get user by id (negative - not found)" classname="features/users" time="0.381"/>
  <testcase name="[3.3:52] Get user by id (negative - not found)" classname="features/users" time="0.4"/>
  <testcase name="[4:54] Get user by id (negative - invalid type)" classname="features/users" time="0.508">
    <system-out><![CDATA[---------------------------------------------------------
feature: classpath:features/users.feature
scenarios:  8 | passed:  8 | failed:  0 | time: 3.2600
---------------------------------------------------------

]]></system-out>
  </testcase>
</testsuite>